<?xml version="1.0" encoding="UTF-8"?>
<!-- Generated by org.testng.reporters.JUnitXMLReporter -->
<testsuite ignored="0" hostname="DESKTOP-JPLA97H" failures="1" tests="14" name="Default test" time="1308.046" errors="0" timestamp="2023-10-20T08:27:21 IST">
  <testcase classname="com.Tests.HomeDashboardTest" name="ValidateClickedOnAdminModule" time="10.752"/>
  <testcase classname="com.Tests.HomeDashboardTest" name="ValidateClickedOnBuzz_Module" time="2.99"/>
  <testcase classname="com.Tests.HomeDashboardTest" name="ValidateClickedOnClaim_Module" time="11.976"/>
  <testcase classname="com.Tests.HomeDashboardTest" name="ValidateClickedOnDirectory_Module" time="13.033"/>
  <testcase classname="com.Tests.HomeDashboardTest" name="ValidateClickedOnInfo_Module" time="4.477"/>
  <testcase classname="com.Tests.HomeDashboardTest" name="ValidateClickedOnLeave_Module" time="11.6"/>
  <testcase classname="com.Tests.HomeDashboardTest" name="ValidateClickedOnMaintenance_Module" time="19.902"/>
  <testcase classname="com.Tests.HomeDashboardTest" name="ValidateClickedOnPIM_Module" time="6.178"/>
  <testcase classname="com.Tests.HomeDashboardTest" name="ValidateClickedOnPerformance_Module" time="6.326"/>
  <testcase classname="com.Tests.HomeDashboardTest" name="ValidateClickedOnRecruitment_Module" time="21.23"/>
  <testcase classname="com.Tests.HomeDashboardTest" name="ValidateClickedOnTime_Module" time="10.491"/>
  <testcase classname="com.Tests.HomeDashboardTest" name="ValidateHomePageTitle" time="6.189"/>
  <testcase classname="com.Tests.HomeDashboardTest" name="ValidateHomePageURL" time="0.009"/>
  <testcase classname="com.Tests.HomeDashboardTest" name="ValidateLogoIsDisplayed" time="4.082">
    <failure type="java.lang.AssertionError" message="The following asserts failed:
	expected [Admin/User Management] but found [OrangeHRM],
	expected [Buzz] but found [OrangeHRM],
	expected [Claim] but found [OrangeHRM],
	expected [Directory] but found [OrangeHRM],
	expected [PIM] but found [OrangeHRM],
	expected [Leave] but found [OrangeHRM],
	expected [Administrator Access] but found [OrangeHRM],
	expected [PIM] but found [OrangeHRM],
	expected [Performance/Manage Reviews] but found [OrangeHRM],
	expected [Recruitment] but found [OrangeHRM],
	expected [Time/Timesheets] but found [OrangeHRM],
	expected [Dashboard] but found [OrangeHRM]">
      <![CDATA[java.lang.AssertionError: The following asserts failed:
expected [Admin/User Management] but found [OrangeHRM],
expected [Buzz] but found [OrangeHRM],
expected [Claim] but found [OrangeHRM],
expected [Directory] but found [OrangeHRM],
expected [PIM] but found [OrangeHRM],
expected [Leave] but found [OrangeHRM],
expected [Administrator Access] but found [OrangeHRM],
expected [PIM] but found [OrangeHRM],
expected [Performance/Manage Reviews] but found [OrangeHRM],
expected [Recruitment] but found [OrangeHRM],
expected [Time/Timesheets] but found [OrangeHRM],
expected [Dashboard] but found [OrangeHRM]
at org.testng.asserts.SoftAssert.assertAll(SoftAssert.java:46)
at org.testng.asserts.SoftAssert.assertAll(SoftAssert.java:30)
at com.Tests.HomeDashboardTest.ValidateLogoIsDisplayed(HomeDashboardTest.java:37)
at java.base/jdk.internal.reflect.NativeMethodAccessorImpl.invoke0(Native Method)
at java.base/jdk.internal.reflect.NativeMethodAccessorImpl.invoke(NativeMethodAccessorImpl.java:77)
at java.base/jdk.internal.reflect.DelegatingMethodAccessorImpl.invoke(DelegatingMethodAccessorImpl.java:43)
at java.base/java.lang.reflect.Method.invoke(Method.java:568)
at org.testng.internal.invokers.MethodInvocationHelper.invokeMethod(MethodInvocationHelper.java:139)
at org.testng.internal.invokers.TestInvoker.invokeMethod(TestInvoker.java:677)
at org.testng.internal.invokers.TestInvoker.invokeTestMethod(TestInvoker.java:221)
at org.testng.internal.invokers.MethodRunner.runInSequence(MethodRunner.java:50)
at org.testng.internal.invokers.TestInvoker$MethodInvocationAgent.invoke(TestInvoker.java:969)
at org.testng.internal.invokers.TestInvoker.invokeTestMethods(TestInvoker.java:194)
at org.testng.internal.invokers.TestMethodWorker.invokeTestMethods(TestMethodWorker.java:148)
at org.testng.internal.invokers.TestMethodWorker.run(TestMethodWorker.java:128)
at java.base/java.util.ArrayList.forEach(ArrayList.java:1511)
at org.testng.TestRunner.privateRun(TestRunner.java:829)
at org.testng.TestRunner.run(TestRunner.java:602)
at org.testng.SuiteRunner.runTest(SuiteRunner.java:437)
at org.testng.SuiteRunner.runSequentially(SuiteRunner.java:431)
at org.testng.SuiteRunner.privateRun(SuiteRunner.java:391)
at org.testng.SuiteRunner.run(SuiteRunner.java:330)
at org.testng.SuiteRunnerWorker.runSuite(SuiteRunnerWorker.java:52)
at org.testng.SuiteRunnerWorker.run(SuiteRunnerWorker.java:95)
at org.testng.TestNG.runSuitesSequentially(TestNG.java:1256)
at org.testng.TestNG.runSuitesLocally(TestNG.java:1176)
at org.testng.TestNG.runSuites(TestNG.java:1099)
at org.testng.TestNG.run(TestNG.java:1067)
at org.testng.remote.AbstractRemoteTestNG.run(AbstractRemoteTestNG.java:115)
at org.testng.remote.RemoteTestNG.initAndRun(RemoteTestNG.java:251)
at org.testng.remote.RemoteTestNG.main(RemoteTestNG.java:77)
]]>
    </failure>
  </testcase> <!-- ValidateLogoIsDisplayed -->
</testsuite> <!-- Default test -->
