<html>
<head>
<title>TestNG:  Default test</title>
<link href="../testng.css" rel="stylesheet" type="text/css" />
<link href="../my-testng.css" rel="stylesheet" type="text/css" />

<style type="text/css">
.log { display: none;} 
.stack-trace { display: none;} 
</style>
<script type="text/javascript">
<!--
function flip(e) {
  current = e.style.display;
  if (current == 'block') {
    e.style.display = 'none';
    return 0;
  }
  else {
    e.style.display = 'block';
    return 1;
  }
}

function toggleBox(szDivId, elem, msg1, msg2)
{
  var res = -1;  if (document.getElementById) {
    res = flip(document.getElementById(szDivId));
  }
  else if (document.all) {
    // this is the way old msie versions work
    res = flip(document.all[szDivId]);
  }
  if(elem) {
    if(res == 0) elem.innerHTML = msg1; else elem.innerHTML = msg2;
  }

}

function toggleAllBoxes() {
  if (document.getElementsByTagName) {
    d = document.getElementsByTagName('div');
    for (i = 0; i < d.length; i++) {
      if (d[i].className == 'log') {
        flip(d[i]);
      }
    }
  }
}

// -->
</script>

</head>
<body>
<h2 align='center'>Default test</h2><table border='1' align="center">
<tr>
<td>Tests passed/Failed/Skipped:</td><td>13/1/0</td>
</tr><tr>
<td>Started on:</td><td>Fri Oct 20 08:05:32 IST 2023</td>
</tr>
<tr><td>Total time:</td><td>1308 seconds (1308046 ms)</td>
</tr><tr>
<td>Included groups:</td><td></td>
</tr><tr>
<td>Excluded groups:</td><td></td>
</tr>
</table><p/>
<small><i>(Hover the method name to see the test class name)</i></small><p/>
<table width='100%' border='1' class='invocation-failed'>
<tr><td colspan='4' align='center'><b>FAILED TESTS</b></td></tr>
<tr><td><b>Test method</b></td>
<td><b>Attribute(s)</b></td>
<td width="30%"><b>Exception</b></td>
<td width="10%"><b>Time (seconds)</b></td>
<td><b>Instance</b></td>
</tr>
<tr>
<td title='com.Tests.HomeDashboardTest.ValidateLogoIsDisplayed()'><b>ValidateLogoIsDisplayed</b><br>Test class: com.Tests.HomeDashboardTest</td>
<td><div><pre>java.lang.AssertionError: The following asserts failed:
	expected [Admin/User Management] but found [OrangeHRM],
	expected [Buzz] but found [OrangeHRM],
	expected [Claim] but found [OrangeHRM],
	expected [Directory] but found [OrangeHRM],
	expected [PIM] but found [OrangeHRM],
	expected [Leave] but found [OrangeHRM],
	expected [Administrator Access] but found [OrangeHRM],
	expected [PIM] but found [OrangeHRM],
	expected [Performance/Manage Reviews] but found [OrangeHRM],
	expected [Recruitment] but found [OrangeHRM],
	expected [Time/Timesheets] but found [OrangeHRM],
	expected [Dashboard] but found [OrangeHRM]
	at org.testng.asserts.SoftAssert.assertAll(SoftAssert.java:46)
	at org.testng.asserts.SoftAssert.assertAll(SoftAssert.java:30)
	at com.Tests.HomeDashboardTest.ValidateLogoIsDisplayed(HomeDashboardTest.java:37)
	at java.base/jdk.internal.reflect.NativeMethodAccessorImpl.invoke0(Native Method)
	at java.base/jdk.internal.reflect.NativeMethodAccessorImpl.invoke(NativeMethodAccessorImpl.java:77)
	at java.base/jdk.internal.reflect.DelegatingMethodAccessorImpl.invoke(DelegatingMethodAccessorImpl.java:43)
	at java.base/java.lang.reflect.Method.invoke(Method.java:568)
	at org.testng.internal.invokers.MethodInvocationHelper.invokeMethod(MethodInvocationHelper.java:139)
	at org.testng.internal.invokers.TestInvoker.invokeMethod(TestInvoker.java:677)
	at org.testng.internal.invokers.TestInvoker.invokeTestMethod(TestInvoker.java:221)
	at org.testng.internal.invokers.MethodRunner.runInSequence(MethodRunner.java:50)
	at org.testng.internal.invokers.TestInvoker$MethodInvocationAgent.invoke(TestInvoker.java:969)
	at org.testng.internal.invokers.TestInvoker.invokeTestMethods(TestInvoker.java:194)
	at org.testng.internal.invokers.TestMethodWorker.invokeTestMethods(TestMethodWorker.java:148)
	at org.testng.internal.invokers.TestMethodWorker.run(TestMethodWorker.java:128)
	at java.base/java.util.ArrayList.forEach(ArrayList.java:1511)
	at org.testng.TestRunner.privateRun(TestRunner.java:829)
	at org.testng.TestRunner.run(TestRunner.java:602)
	at org.testng.SuiteRunner.runTest(SuiteRunner.java:437)
	at org.testng.SuiteRunner.runSequentially(SuiteRunner.java:431)
	at org.testng.SuiteRunner.privateRun(SuiteRunner.java:391)
	at org.testng.SuiteRunner.run(SuiteRunner.java:330)
	at org.testng.SuiteRunnerWorker.runSuite(SuiteRunnerWorker.java:52)
	at org.testng.SuiteRunnerWorker.run(SuiteRunnerWorker.java:95)
	at org.testng.TestNG.runSuitesSequentially(TestNG.java:1256)
	at org.testng.TestNG.runSuitesLocally(TestNG.java:1176)
	at org.testng.TestNG.runSuites(TestNG.java:1099)
	at org.testng.TestNG.run(TestNG.java:1067)
	at org.testng.remote.AbstractRemoteTestNG.run(AbstractRemoteTestNG.java:115)
	at org.testng.remote.RemoteTestNG.initAndRun(RemoteTestNG.java:251)
	at org.testng.remote.RemoteTestNG.main(RemoteTestNG.java:77)
</pre></div><a href='#' onClick='toggleBox("stack-trace516885190", this, "Click to show all stack frames", "Click to hide stack frames")'>Click to show all stack frames</a>
<div class='stack-trace' id='stack-trace516885190'><pre>java.lang.AssertionError: The following asserts failed:
	expected [Admin/User Management] but found [OrangeHRM],
	expected [Buzz] but found [OrangeHRM],
	expected [Claim] but found [OrangeHRM],
	expected [Directory] but found [OrangeHRM],
	expected [PIM] but found [OrangeHRM],
	expected [Leave] but found [OrangeHRM],
	expected [Administrator Access] but found [OrangeHRM],
	expected [PIM] but found [OrangeHRM],
	expected [Performance/Manage Reviews] but found [OrangeHRM],
	expected [Recruitment] but found [OrangeHRM],
	expected [Time/Timesheets] but found [OrangeHRM],
	expected [Dashboard] but found [OrangeHRM]
	at org.testng.asserts.SoftAssert.assertAll(SoftAssert.java:46)
	at org.testng.asserts.SoftAssert.assertAll(SoftAssert.java:30)
	at com.Tests.HomeDashboardTest.ValidateLogoIsDisplayed(HomeDashboardTest.java:37)
	at java.base/jdk.internal.reflect.NativeMethodAccessorImpl.invoke0(Native Method)
	at java.base/jdk.internal.reflect.NativeMethodAccessorImpl.invoke(NativeMethodAccessorImpl.java:77)
	at java.base/jdk.internal.reflect.DelegatingMethodAccessorImpl.invoke(DelegatingMethodAccessorImpl.java:43)
	at java.base/java.lang.reflect.Method.invoke(Method.java:568)
	at org.testng.internal.invokers.MethodInvocationHelper.invokeMethod(MethodInvocationHelper.java:139)
	at org.testng.internal.invokers.TestInvoker.invokeMethod(TestInvoker.java:677)
	at org.testng.internal.invokers.TestInvoker.invokeTestMethod(TestInvoker.java:221)
	at org.testng.internal.invokers.MethodRunner.runInSequence(MethodRunner.java:50)
	at org.testng.internal.invokers.TestInvoker$MethodInvocationAgent.invoke(TestInvoker.java:969)
	at org.testng.internal.invokers.TestInvoker.invokeTestMethods(TestInvoker.java:194)
	at org.testng.internal.invokers.TestMethodWorker.invokeTestMethods(TestMethodWorker.java:148)
	at org.testng.internal.invokers.TestMethodWorker.run(TestMethodWorker.java:128)
	at java.base/java.util.ArrayList.forEach(ArrayList.java:1511)
	at org.testng.TestRunner.privateRun(TestRunner.java:829)
	at org.testng.TestRunner.run(TestRunner.java:602)
	at org.testng.SuiteRunner.runTest(SuiteRunner.java:437)
	at org.testng.SuiteRunner.runSequentially(SuiteRunner.java:431)
	at org.testng.SuiteRunner.privateRun(SuiteRunner.java:391)
	at org.testng.SuiteRunner.run(SuiteRunner.java:330)
	at org.testng.SuiteRunnerWorker.runSuite(SuiteRunnerWorker.java:52)
	at org.testng.SuiteRunnerWorker.run(SuiteRunnerWorker.java:95)
	at org.testng.TestNG.runSuitesSequentially(TestNG.java:1256)
	at org.testng.TestNG.runSuitesLocally(TestNG.java:1176)
	at org.testng.TestNG.runSuites(TestNG.java:1099)
	at org.testng.TestNG.run(TestNG.java:1067)
	at org.testng.remote.AbstractRemoteTestNG.run(AbstractRemoteTestNG.java:115)
	at org.testng.remote.RemoteTestNG.initAndRun(RemoteTestNG.java:251)
	at org.testng.remote.RemoteTestNG.main(RemoteTestNG.java:77)
</pre></div></td>
<td>4</td>
<td>com.Tests.HomeDashboardTest@1349883</td></tr>
</table><p>
<table width='100%' border='1' class='invocation-passed'>
<tr><td colspan='4' align='center'><b>PASSED TESTS</b></td></tr>
<tr><td><b>Test method</b></td>
<td><b>Attribute(s)</b></td>
<td width="30%"><b>Exception</b></td>
<td width="10%"><b>Time (seconds)</b></td>
<td><b>Instance</b></td>
</tr>
<tr>
<td title='com.Tests.HomeDashboardTest.ValidateClickedOnAdminModule()'><b>ValidateClickedOnAdminModule</b><br>Test class: com.Tests.HomeDashboardTest</td>
<td></td>
<td>10</td>
<td>com.Tests.HomeDashboardTest@1349883</td></tr>
<tr>
<td title='com.Tests.HomeDashboardTest.ValidateClickedOnPIM_Module()'><b>ValidateClickedOnPIM_Module</b><br>Test class: com.Tests.HomeDashboardTest</td>
<td></td>
<td>6</td>
<td>com.Tests.HomeDashboardTest@1349883</td></tr>
<tr>
<td title='com.Tests.HomeDashboardTest.ValidateClickedOnInfo_Module()'><b>ValidateClickedOnInfo_Module</b><br>Test class: com.Tests.HomeDashboardTest</td>
<td></td>
<td>4</td>
<td>com.Tests.HomeDashboardTest@1349883</td></tr>
<tr>
<td title='com.Tests.HomeDashboardTest.ValidateHomePageURL()'><b>ValidateHomePageURL</b><br>Test class: com.Tests.HomeDashboardTest</td>
<td></td>
<td>0</td>
<td>com.Tests.HomeDashboardTest@1349883</td></tr>
<tr>
<td title='com.Tests.HomeDashboardTest.ValidateClickedOnTime_Module()'><b>ValidateClickedOnTime_Module</b><br>Test class: com.Tests.HomeDashboardTest</td>
<td></td>
<td>10</td>
<td>com.Tests.HomeDashboardTest@1349883</td></tr>
<tr>
<td title='com.Tests.HomeDashboardTest.ValidateClickedOnClaim_Module()'><b>ValidateClickedOnClaim_Module</b><br>Test class: com.Tests.HomeDashboardTest</td>
<td></td>
<td>11</td>
<td>com.Tests.HomeDashboardTest@1349883</td></tr>
<tr>
<td title='com.Tests.HomeDashboardTest.ValidateClickedOnPerformance_Module()'><b>ValidateClickedOnPerformance_Module</b><br>Test class: com.Tests.HomeDashboardTest</td>
<td></td>
<td>6</td>
<td>com.Tests.HomeDashboardTest@1349883</td></tr>
<tr>
<td title='com.Tests.HomeDashboardTest.ValidateClickedOnLeave_Module()'><b>ValidateClickedOnLeave_Module</b><br>Test class: com.Tests.HomeDashboardTest</td>
<td></td>
<td>11</td>
<td>com.Tests.HomeDashboardTest@1349883</td></tr>
<tr>
<td title='com.Tests.HomeDashboardTest.ValidateClickedOnMaintenance_Module()'><b>ValidateClickedOnMaintenance_Module</b><br>Test class: com.Tests.HomeDashboardTest</td>
<td></td>
<td>19</td>
<td>com.Tests.HomeDashboardTest@1349883</td></tr>
<tr>
<td title='com.Tests.HomeDashboardTest.ValidateHomePageTitle()'><b>ValidateHomePageTitle</b><br>Test class: com.Tests.HomeDashboardTest</td>
<td></td>
<td>6</td>
<td>com.Tests.HomeDashboardTest@1349883</td></tr>
<tr>
<td title='com.Tests.HomeDashboardTest.ValidateClickedOnBuzz_Module()'><b>ValidateClickedOnBuzz_Module</b><br>Test class: com.Tests.HomeDashboardTest</td>
<td></td>
<td>2</td>
<td>com.Tests.HomeDashboardTest@1349883</td></tr>
<tr>
<td title='com.Tests.HomeDashboardTest.ValidateClickedOnDirectory_Module()'><b>ValidateClickedOnDirectory_Module</b><br>Test class: com.Tests.HomeDashboardTest</td>
<td></td>
<td>13</td>
<td>com.Tests.HomeDashboardTest@1349883</td></tr>
<tr>
<td title='com.Tests.HomeDashboardTest.ValidateClickedOnRecruitment_Module()'><b>ValidateClickedOnRecruitment_Module</b><br>Test class: com.Tests.HomeDashboardTest</td>
<td></td>
<td>21</td>
<td>com.Tests.HomeDashboardTest@1349883</td></tr>
</table><p>
</body>
</html>