<?xml version="1.0" encoding="UTF-8"?>
<!-- Generated by org.testng.reporters.JUnitReportReporter -->
<testsuite hostname="DESKTOP-JPLA97H" failures="0" tests="15" name="com.Tests.HomeDashboardTest" time="123.990" errors="1" timestamp="2023-10-20T09:00:23 IST" skipped="13">
  <testcase classname="com.Tests.HomeDashboardTest" name="ValidateHomePageURL" time="73.570">
    <skipped/>
  </testcase> <!-- ValidateHomePageURL -->
  <system-out/>
  <testcase classname="com.Tests.HomeDashboardTest" name="ValidateClickedOnBuzz_Module" time="0.000">
    <skipped/>
  </testcase> <!-- ValidateClickedOnBuzz_Module -->
  <system-out/>
  <testcase classname="com.Tests.HomeDashboardTest" name="ValidateClickedOnAdminModule" time="6.596"/>
  <system-out/>
  <testcase classname="com.Tests.HomeDashboardTest" name="ValidateClickedOnRecruitment_Module" time="0.000">
    <skipped/>
  </testcase> <!-- ValidateClickedOnRecruitment_Module -->
  <system-out/>
  <testcase classname="com.Tests.HomeDashboardTest" name="ValidateLogoIsDisplayed" time="0.001">
    <skipped/>
  </testcase> <!-- ValidateLogoIsDisplayed -->
  <system-out/>
  <testcase classname="com.Tests.HomeDashboardTest" name="ValidateClickedOnMaintenance_Module" time="0.000">
    <skipped/>
  </testcase> <!-- ValidateClickedOnMaintenance_Module -->
  <system-out/>
  <testcase classname="com.Tests.HomeDashboardTest" name="ValidateClickedOnInfo_Module" time="0.000">
    <skipped/>
  </testcase> <!-- ValidateClickedOnInfo_Module -->
  <system-out/>
  <testcase classname="com.Tests.HomeDashboardTest" name="ValidateClickedOnTime_Module" time="0.000">
    <skipped/>
  </testcase> <!-- ValidateClickedOnTime_Module -->
  <system-out/>
  <testcase classname="com.Tests.HomeDashboardTest" name="ValidateClickedOnLeave_Module" time="0.000">
    <skipped/>
  </testcase> <!-- ValidateClickedOnLeave_Module -->
  <system-out/>
  <testcase classname="com.Tests.HomeDashboardTest" name="ValidateClickedOnPIM_Module" time="0.000">
    <skipped/>
  </testcase> <!-- ValidateClickedOnPIM_Module -->
  <system-out/>
  <testcase classname="com.Tests.HomeDashboardTest" name="ValidateClickedOnPerformance_Module" time="0.000">
    <skipped/>
  </testcase> <!-- ValidateClickedOnPerformance_Module -->
  <system-out/>
  <testcase classname="com.Tests.HomeDashboardTest" name="SetUp" time="43.822">
    <error message="no such element: Unable to locate element: {&quot;method&quot;:&quot;xpath&quot;,&quot;selector&quot;:&quot;//p[text()=&#039;Username : Admin&#039;]&quot;}
  (Session info: MicrosoftEdge=118.0.2088.46)
For documentation on this error, please visit: https://selenium.dev/exceptions/#no_such_element
Build info: version: &#039;4.8.3&#039;, revision: &#039;e5e76298c3&#039;
System info: os.name: &#039;Windows 10&#039;, os.arch: &#039;amd64&#039;, os.version: &#039;10.0&#039;, java.version: &#039;17.0.7&#039;
Driver info: org.openqa.selenium.edge.EdgeDriver
Command: [40a50c1464c68a21d683878e147b6afd, findElement {using=xpath, value=//p[text()=&#039;Username : Admin&#039;]}]
Capabilities {acceptInsecureCerts: false, browserName: msedge, browserVersion: 118.0.2088.46, fedcm:accounts: true, ms:edgeOptions: {debuggerAddress: localhost:60302}, msedge: {msedgedriverVersion: 118.0.2088.46 (175bd6acfc46..., userDataDir: C:\Users\SAM\AppData\Local\...}, networkConnectionEnabled: false, pageLoadStrategy: normal, platformName: WINDOWS, proxy: Proxy(), se:cdp: ws://localhost:60302/devtoo..., se:cdpVersion: 118.0.2088.46, setWindowRect: true, strictFileInteractability: false, timeouts: {implicit: 0, pageLoad: 300000, script: 30000}, unhandledPromptBehavior: dismiss and notify, webauthn:extension:credBlob: true, webauthn:extension:largeBlob: true, webauthn:extension:minPinLength: true, webauthn:extension:prf: true, webauthn:virtualAuthenticators: true}
Session ID: 40a50c1464c68a21d683878e147b6afd" type="org.openqa.selenium.NoSuchElementException">
      <![CDATA[org.openqa.selenium.NoSuchElementException: no such element: Unable to locate element: {"method":"xpath","selector":"//p[text()='Username : Admin']"}
  (Session info: MicrosoftEdge=118.0.2088.46)
For documentation on this error, please visit: https://selenium.dev/exceptions/#no_such_element
Build info: version: '4.8.3', revision: 'e5e76298c3'
System info: os.name: 'Windows 10', os.arch: 'amd64', os.version: '10.0', java.version: '17.0.7'
Driver info: org.openqa.selenium.edge.EdgeDriver
Command: [40a50c1464c68a21d683878e147b6afd, findElement {using=xpath, value=//p[text()='Username : Admin']}]
Capabilities {acceptInsecureCerts: false, browserName: msedge, browserVersion: 118.0.2088.46, fedcm:accounts: true, ms:edgeOptions: {debuggerAddress: localhost:60302}, msedge: {msedgedriverVersion: 118.0.2088.46 (175bd6acfc46..., userDataDir: C:\Users\SAM\AppData\Local\...}, networkConnectionEnabled: false, pageLoadStrategy: normal, platformName: WINDOWS, proxy: Proxy(), se:cdp: ws://localhost:60302/devtoo..., se:cdpVersion: 118.0.2088.46, setWindowRect: true, strictFileInteractability: false, timeouts: {implicit: 0, pageLoad: 300000, script: 30000}, unhandledPromptBehavior: dismiss and notify, webauthn:extension:credBlob: true, webauthn:extension:largeBlob: true, webauthn:extension:minPinLength: true, webauthn:extension:prf: true, webauthn:virtualAuthenticators: true}
Session ID: 40a50c1464c68a21d683878e147b6afd
at java.base/jdk.internal.reflect.NativeConstructorAccessorImpl.newInstance0(Native Method)
at java.base/jdk.internal.reflect.NativeConstructorAccessorImpl.newInstance(NativeConstructorAccessorImpl.java:77)
at java.base/jdk.internal.reflect.DelegatingConstructorAccessorImpl.newInstance(DelegatingConstructorAccessorImpl.java:45)
at java.base/java.lang.reflect.Constructor.newInstanceWithCaller(Constructor.java:499)
at java.base/java.lang.reflect.Constructor.newInstance(Constructor.java:480)
at org.openqa.selenium.remote.codec.w3c.W3CHttpResponseCodec.createException(W3CHttpResponseCodec.java:200)
at org.openqa.selenium.remote.codec.w3c.W3CHttpResponseCodec.decode(W3CHttpResponseCodec.java:133)
at org.openqa.selenium.remote.codec.w3c.W3CHttpResponseCodec.decode(W3CHttpResponseCodec.java:53)
at org.openqa.selenium.remote.HttpCommandExecutor.execute(HttpCommandExecutor.java:193)
at org.openqa.selenium.remote.service.DriverCommandExecutor.invokeExecute(DriverCommandExecutor.java:183)
at org.openqa.selenium.remote.service.DriverCommandExecutor.execute(DriverCommandExecutor.java:158)
at org.openqa.selenium.remote.RemoteWebDriver.execute(RemoteWebDriver.java:543)
at org.openqa.selenium.remote.ElementLocation$ElementFinder$2.findElement(ElementLocation.java:162)
at org.openqa.selenium.remote.ElementLocation.findElement(ElementLocation.java:60)
at org.openqa.selenium.remote.RemoteWebDriver.findElement(RemoteWebDriver.java:352)
at org.openqa.selenium.remote.RemoteWebDriver.findElement(RemoteWebDriver.java:344)
at org.openqa.selenium.support.pagefactory.DefaultElementLocator.findElement(DefaultElementLocator.java:70)
at org.openqa.selenium.support.pagefactory.internal.LocatingElementHandler.invoke(LocatingElementHandler.java:39)
at jdk.proxy2/jdk.proxy2.$Proxy16.getText(Unknown Source)
at com.POM.LoginPage.getUsername(LoginPage.java:80)
at com.Tests.HomeDashboardTest.SetUp(HomeDashboardTest.java:26)
at java.base/jdk.internal.reflect.NativeMethodAccessorImpl.invoke0(Native Method)
at java.base/jdk.internal.reflect.NativeMethodAccessorImpl.invoke(NativeMethodAccessorImpl.java:77)
at java.base/jdk.internal.reflect.DelegatingMethodAccessorImpl.invoke(DelegatingMethodAccessorImpl.java:43)
at java.base/java.lang.reflect.Method.invoke(Method.java:568)
at org.testng.internal.invokers.MethodInvocationHelper.invokeMethod(MethodInvocationHelper.java:139)
at org.testng.internal.invokers.MethodInvocationHelper.invokeMethodConsideringTimeout(MethodInvocationHelper.java:69)
at org.testng.internal.invokers.ConfigInvoker.invokeConfigurationMethod(ConfigInvoker.java:361)
at org.testng.internal.invokers.ConfigInvoker.invokeConfigurations(ConfigInvoker.java:296)
at org.testng.internal.invokers.TestInvoker.runConfigMethods(TestInvoker.java:823)
at org.testng.internal.invokers.TestInvoker.invokeMethod(TestInvoker.java:590)
at org.testng.internal.invokers.TestInvoker.invokeTestMethod(TestInvoker.java:221)
at org.testng.internal.invokers.MethodRunner.runInSequence(MethodRunner.java:50)
at org.testng.internal.invokers.TestInvoker$MethodInvocationAgent.invoke(TestInvoker.java:969)
at org.testng.internal.invokers.TestInvoker.invokeTestMethods(TestInvoker.java:194)
at org.testng.internal.invokers.TestMethodWorker.invokeTestMethods(TestMethodWorker.java:148)
at org.testng.internal.invokers.TestMethodWorker.run(TestMethodWorker.java:128)
at java.base/java.util.ArrayList.forEach(ArrayList.java:1511)
at org.testng.TestRunner.privateRun(TestRunner.java:829)
at org.testng.TestRunner.run(TestRunner.java:602)
at org.testng.SuiteRunner.runTest(SuiteRunner.java:437)
at org.testng.SuiteRunner.runSequentially(SuiteRunner.java:431)
at org.testng.SuiteRunner.privateRun(SuiteRunner.java:391)
at org.testng.SuiteRunner.run(SuiteRunner.java:330)
at org.testng.SuiteRunnerWorker.runSuite(SuiteRunnerWorker.java:52)
at org.testng.SuiteRunnerWorker.run(SuiteRunnerWorker.java:95)
at org.testng.TestNG.runSuitesSequentially(TestNG.java:1256)
at org.testng.TestNG.runSuitesLocally(TestNG.java:1176)
at org.testng.TestNG.runSuites(TestNG.java:1099)
at org.testng.TestNG.run(TestNG.java:1067)
at org.testng.remote.AbstractRemoteTestNG.run(AbstractRemoteTestNG.java:115)
at org.testng.remote.RemoteTestNG.initAndRun(RemoteTestNG.java:251)
at org.testng.remote.RemoteTestNG.main(RemoteTestNG.java:77)
]]>
    </error>
  </testcase> <!-- SetUp -->
  <system-out/>
  <testcase classname="com.Tests.HomeDashboardTest" name="ValidateClickedOnDashboard_Module" time="0.001">
    <skipped/>
  </testcase> <!-- ValidateClickedOnDashboard_Module -->
  <system-out/>
  <testcase classname="com.Tests.HomeDashboardTest" name="ValidateHomePageTitle" time="0.000">
    <skipped/>
  </testcase> <!-- ValidateHomePageTitle -->
  <system-out/>
  <testcase classname="com.Tests.HomeDashboardTest" name="ValidateClickedOnClaim_Module" time="0.000">
    <skipped/>
  </testcase> <!-- ValidateClickedOnClaim_Module -->
  <system-out/>
</testsuite> <!-- com.Tests.HomeDashboardTest -->
